[debug] [2022-05-05T08:15:37.044Z] ----------------------------------------------------------------------
[debug] [2022-05-05T08:15:37.045Z] Command:       C:\Program Files\nodejs\node.exe C:\Users\nehe\AppData\Roaming\npm\node_modules\firebase-tools\lib\bin\firebase.js init
[debug] [2022-05-05T08:15:37.046Z] CLI Version:   10.8.0
[debug] [2022-05-05T08:15:37.046Z] Platform:      win32
[debug] [2022-05-05T08:15:37.046Z] Node Version:  v16.14.2
[debug] [2022-05-05T08:15:37.047Z] Time:          Thu May 05 2022 10:15:37 GMT+0200 (Mitteleuropäische Sommerzeit)
[debug] [2022-05-05T08:15:37.047Z] ----------------------------------------------------------------------
[debug] 
[debug] [2022-05-05T08:15:37.103Z] > command requires scopes: ["email","openid","https://www.googleapis.com/auth/cloudplatformprojects.readonly","https://www.googleapis.com/auth/firebase","https://www.googleapis.com/auth/cloud-platform"]
[debug] [2022-05-05T08:15:37.103Z] > authorizing via signed-in user (herrera.nelson@correounivalle.edu.co)
[info] 
     ######## #### ########  ######## ########     ###     ######  ########
     ##        ##  ##     ## ##       ##     ##  ##   ##  ##       ##
     ######    ##  ########  ######   ########  #########  ######  ######
     ##        ##  ##    ##  ##       ##     ## ##     ##       ## ##
     ##       #### ##     ## ######## ########  ##     ##  ######  ########

You're about to initialize a Firebase project in this directory:

  C:\Users\nehe\Redux\income_and_expenses

Before we get started, keep in mind:

  * You are initializing within an existing Firebase project directory

[info] 
=== Project Setup
[info] 
[info] First, let's associate this project directory with a Firebase project.
[info] You can create multiple project aliases by running firebase use --add, 
[info] but for now we'll just set up a default project.
[info] 
[debug] [2022-05-05T08:15:54.469Z] >>> [apiv2][query] GET https://firebase.googleapis.com/v1beta1/projects pageSize=100
[debug] [2022-05-05T08:15:55.074Z] <<< [apiv2][status] GET https://firebase.googleapis.com/v1beta1/projects 200
[debug] [2022-05-05T08:15:55.074Z] <<< [apiv2][body] GET https://firebase.googleapis.com/v1beta1/projects [omitted]
[info] i  Using project incomeandexpensesapp (IncomeAndExpensesApp) 
[info] 
=== Database Setup
[info] i  database: ensuring required API firebasedatabase.googleapis.com is enabled... 
[debug] [2022-05-05T08:16:02.593Z] >>> [apiv2][query] GET https://serviceusage.googleapis.com/v1/projects/incomeandexpensesapp/services/firebasedatabase.googleapis.com [none]
[debug] [2022-05-05T08:16:03.488Z] <<< [apiv2][status] GET https://serviceusage.googleapis.com/v1/projects/incomeandexpensesapp/services/firebasedatabase.googleapis.com 200
[debug] [2022-05-05T08:16:03.488Z] <<< [apiv2][body] GET https://serviceusage.googleapis.com/v1/projects/incomeandexpensesapp/services/firebasedatabase.googleapis.com [omitted]
[warn] !  database: missing required API firebasedatabase.googleapis.com. Enabling now... 
[debug] [2022-05-05T08:16:03.489Z] >>> [apiv2][query] POST https://serviceusage.googleapis.com/v1/projects/incomeandexpensesapp/services/firebasedatabase.googleapis.com:enable [none]
[debug] [2022-05-05T08:16:04.867Z] <<< [apiv2][status] POST https://serviceusage.googleapis.com/v1/projects/incomeandexpensesapp/services/firebasedatabase.googleapis.com:enable 200
[debug] [2022-05-05T08:16:04.867Z] <<< [apiv2][body] POST https://serviceusage.googleapis.com/v1/projects/incomeandexpensesapp/services/firebasedatabase.googleapis.com:enable [omitted]
[debug] [2022-05-05T08:16:14.883Z] >>> [apiv2][query] GET https://serviceusage.googleapis.com/v1/projects/incomeandexpensesapp/services/firebasedatabase.googleapis.com [none]
[debug] [2022-05-05T08:16:15.764Z] <<< [apiv2][status] GET https://serviceusage.googleapis.com/v1/projects/incomeandexpensesapp/services/firebasedatabase.googleapis.com 200
[debug] [2022-05-05T08:16:15.764Z] <<< [apiv2][body] GET https://serviceusage.googleapis.com/v1/projects/incomeandexpensesapp/services/firebasedatabase.googleapis.com [omitted]
[info] +  database: required API firebasedatabase.googleapis.com is enabled 
[info] 
[debug] [2022-05-05T08:16:15.767Z] >>> [apiv2][query] GET https://firebase.googleapis.com/v1beta1/projects/incomeandexpensesapp [none]
[debug] [2022-05-05T08:16:15.975Z] <<< [apiv2][status] GET https://firebase.googleapis.com/v1beta1/projects/incomeandexpensesapp 200
[debug] [2022-05-05T08:16:15.975Z] <<< [apiv2][body] GET https://firebase.googleapis.com/v1beta1/projects/incomeandexpensesapp {"projectId":"incomeandexpensesapp","projectNumber":"550556619001","displayName":"IncomeAndExpensesApp","name":"projects/incomeandexpensesapp","resources":{"hostingSite":"incomeandexpensesapp","storageBucket":"incomeandexpensesapp.appspot.com","locationId":"us-central"},"state":"ACTIVE"}
[debug] [2022-05-05T08:16:31.465Z] > refreshing access token with scopes: ["email","https://www.googleapis.com/auth/cloud-platform","https://www.googleapis.com/auth/cloudplatformprojects.readonly","https://www.googleapis.com/auth/firebase","openid"]
[debug] [2022-05-05T08:16:31.465Z] >>> HTTP REQUEST POST https://www.googleapis.com/oauth2/v3/token  
 <request body omitted>
[debug] [2022-05-05T08:16:31.629Z] <<< HTTP RESPONSE 200 {"date":"Thu, 05 May 2022 08:16:31 GMT","pragma":"no-cache","expires":"Mon, 01 Jan 1990 00:00:00 GMT","cache-control":"no-cache, no-store, max-age=0, must-revalidate","content-type":"application/json; charset=utf-8","vary":"X-Origin, Referer, Origin,Accept-Encoding","server":"scaffolding on HTTPServer2","x-xss-protection":"0","x-frame-options":"SAMEORIGIN","x-content-type-options":"nosniff","alt-svc":"h3=\":443\"; ma=2592000,h3-29=\":443\"; ma=2592000,h3-Q050=\":443\"; ma=2592000,h3-Q046=\":443\"; ma=2592000,h3-Q043=\":443\"; ma=2592000,quic=\":443\"; ma=2592000; v=\"46,43\"","accept-ranges":"none","transfer-encoding":"chunked"}
[debug] [2022-05-05T08:16:31.639Z] >>> HTTP REQUEST POST https://firebasedatabase.googleapis.com/v1beta/projects/incomeandexpensesapp/locations/us-central1/instances?databaseId=incomeandexpensesapp-default-rtdb&validateOnly=true  
 {"type":"default_database"}
[debug] [2022-05-05T08:16:32.240Z] <<< HTTP RESPONSE 200 {"content-type":"application/json; charset=UTF-8","vary":"X-Origin, Referer, Origin,Accept-Encoding","date":"Thu, 05 May 2022 08:16:32 GMT","server":"ESF","cache-control":"private","x-xss-protection":"0","x-frame-options":"SAMEORIGIN","x-content-type-options":"nosniff","alt-svc":"h3=\":443\"; ma=2592000,h3-29=\":443\"; ma=2592000,h3-Q050=\":443\"; ma=2592000,h3-Q046=\":443\"; ma=2592000,h3-Q043=\":443\"; ma=2592000,quic=\":443\"; ma=2592000; v=\"46,43\"","accept-ranges":"none","transfer-encoding":"chunked"}
[debug] [2022-05-05T08:16:32.242Z] >>> HTTP REQUEST POST https://firebasedatabase.googleapis.com/v1beta/projects/incomeandexpensesapp/locations/us-central1/instances?databaseId=incomeandexpensesapp-default-rtdb  
 {"type":"default_database"}
[debug] [2022-05-05T08:16:33.026Z] <<< HTTP RESPONSE 200 {"content-type":"application/json; charset=UTF-8","vary":"X-Origin, Referer, Origin,Accept-Encoding","date":"Thu, 05 May 2022 08:16:33 GMT","server":"ESF","cache-control":"private","x-xss-protection":"0","x-frame-options":"SAMEORIGIN","x-content-type-options":"nosniff","alt-svc":"h3=\":443\"; ma=2592000,h3-29=\":443\"; ma=2592000,h3-Q050=\":443\"; ma=2592000,h3-Q046=\":443\"; ma=2592000,h3-Q043=\":443\"; ma=2592000,quic=\":443\"; ma=2592000; v=\"46,43\"","accept-ranges":"none","transfer-encoding":"chunked"}
[info] 
[info] Firebase Realtime Database Security Rules allow you to define how your data should be
[info] structured and when your data can be read from and written to.
[info] 
[debug] [2022-05-05T08:16:43.490Z] >>> HTTP REQUEST GET https://incomeandexpensesapp-default-rtdb.firebaseio.com/.settings/rules.json  
 
[debug] [2022-05-05T08:16:44.387Z] <<< HTTP RESPONSE 200 {"server":"nginx","date":"Thu, 05 May 2022 08:16:44 GMT","content-type":"application/json; charset=utf-8","content-length":"161","connection":"keep-alive","access-control-allow-origin":"*","cache-control":"no-cache","strict-transport-security":"max-age=31556926; includeSubDomains; preload"}
[info] +  Database Rules for incomeandexpensesapp-default-rtdb have been written to database.rules.json. 
[info] Future modifications to database.rules.json will update Realtime Database Security Rules when you run
[info] firebase deploy.
[info] 
=== Firestore Setup
[debug] [2022-05-05T08:16:44.393Z] > refreshing access token with scopes: []
[debug] [2022-05-05T08:16:44.393Z] >>> HTTP REQUEST POST https://www.googleapis.com/oauth2/v3/token  
 <request body omitted>
[debug] [2022-05-05T08:16:44.507Z] <<< HTTP RESPONSE 200 {"date":"Thu, 05 May 2022 08:16:44 GMT","pragma":"no-cache","expires":"Mon, 01 Jan 1990 00:00:00 GMT","cache-control":"no-cache, no-store, max-age=0, must-revalidate","content-type":"application/json; charset=utf-8","vary":"X-Origin, Referer, Origin,Accept-Encoding","server":"scaffolding on HTTPServer2","x-xss-protection":"0","x-frame-options":"SAMEORIGIN","x-content-type-options":"nosniff","alt-svc":"h3=\":443\"; ma=2592000,h3-29=\":443\"; ma=2592000,h3-Q050=\":443\"; ma=2592000,h3-Q046=\":443\"; ma=2592000,h3-Q043=\":443\"; ma=2592000,quic=\":443\"; ma=2592000; v=\"46,43\"","accept-ranges":"none","transfer-encoding":"chunked"}
[debug] [2022-05-05T08:16:44.516Z] >>> [apiv2][query] GET https://serviceusage.googleapis.com/v1/projects/incomeandexpensesapp/services/firestore.googleapis.com [none]
[debug] [2022-05-05T08:16:45.359Z] <<< [apiv2][status] GET https://serviceusage.googleapis.com/v1/projects/incomeandexpensesapp/services/firestore.googleapis.com 200
[debug] [2022-05-05T08:16:45.359Z] <<< [apiv2][body] GET https://serviceusage.googleapis.com/v1/projects/incomeandexpensesapp/services/firestore.googleapis.com [omitted]
[debug] [2022-05-05T08:16:45.360Z] > refreshing access token with scopes: ["email","https://www.googleapis.com/auth/cloud-platform","https://www.googleapis.com/auth/cloudplatformprojects.readonly","https://www.googleapis.com/auth/firebase","openid"]
[debug] [2022-05-05T08:16:45.360Z] >>> HTTP REQUEST POST https://www.googleapis.com/oauth2/v3/token  
 <request body omitted>
[debug] [2022-05-05T08:16:45.445Z] <<< HTTP RESPONSE 200 {"pragma":"no-cache","expires":"Mon, 01 Jan 1990 00:00:00 GMT","cache-control":"no-cache, no-store, max-age=0, must-revalidate","date":"Thu, 05 May 2022 08:16:45 GMT","content-type":"application/json; charset=utf-8","vary":"X-Origin, Referer, Origin,Accept-Encoding","server":"scaffolding on HTTPServer2","x-xss-protection":"0","x-frame-options":"SAMEORIGIN","x-content-type-options":"nosniff","alt-svc":"h3=\":443\"; ma=2592000,h3-29=\":443\"; ma=2592000,h3-Q050=\":443\"; ma=2592000,h3-Q046=\":443\"; ma=2592000,h3-Q043=\":443\"; ma=2592000,quic=\":443\"; ma=2592000; v=\"46,43\"","accept-ranges":"none","transfer-encoding":"chunked"}
[debug] [2022-05-05T08:16:45.453Z] >>> HTTP REQUEST GET https://appengine.googleapis.com/v1/apps/incomeandexpensesapp  
 
[debug] [2022-05-05T08:16:45.802Z] <<< HTTP RESPONSE 200 {"content-type":"application/json; charset=UTF-8","vary":"X-Origin, Referer, Origin,Accept-Encoding","date":"Thu, 05 May 2022 08:16:45 GMT","server":"ESF","cache-control":"private","x-xss-protection":"0","x-frame-options":"SAMEORIGIN","x-content-type-options":"nosniff","alt-svc":"h3=\":443\"; ma=2592000,h3-29=\":443\"; ma=2592000,h3-Q050=\":443\"; ma=2592000,h3-Q046=\":443\"; ma=2592000,h3-Q043=\":443\"; ma=2592000,quic=\":443\"; ma=2592000; v=\"46,43\"","accept-ranges":"none","transfer-encoding":"chunked"}
[debug] [2022-05-05T08:16:45.802Z] database_type: CLOUD_FIRESTORE
[debug] [2022-05-05T08:16:45.802Z] > command requires scopes: ["email","openid","https://www.googleapis.com/auth/cloudplatformprojects.readonly","https://www.googleapis.com/auth/firebase","https://www.googleapis.com/auth/cloud-platform"]
[debug] [2022-05-05T08:16:45.802Z] > authorizing via signed-in user (herrera.nelson@correounivalle.edu.co)
[debug] [2022-05-05T08:16:45.803Z] [iam] checking project incomeandexpensesapp for permissions ["firebase.projects.get"]
[debug] [2022-05-05T08:16:45.803Z] > refreshing access token with scopes: []
[debug] [2022-05-05T08:16:45.803Z] >>> HTTP REQUEST POST https://www.googleapis.com/oauth2/v3/token  
 <request body omitted>
[debug] [2022-05-05T08:16:45.898Z] <<< HTTP RESPONSE 200 {"expires":"Mon, 01 Jan 1990 00:00:00 GMT","date":"Thu, 05 May 2022 08:16:45 GMT","pragma":"no-cache","cache-control":"no-cache, no-store, max-age=0, must-revalidate","content-type":"application/json; charset=utf-8","vary":"X-Origin, Referer, Origin,Accept-Encoding","server":"scaffolding on HTTPServer2","x-xss-protection":"0","x-frame-options":"SAMEORIGIN","x-content-type-options":"nosniff","alt-svc":"h3=\":443\"; ma=2592000,h3-29=\":443\"; ma=2592000,h3-Q050=\":443\"; ma=2592000,h3-Q046=\":443\"; ma=2592000,h3-Q043=\":443\"; ma=2592000,quic=\":443\"; ma=2592000; v=\"46,43\"","accept-ranges":"none","transfer-encoding":"chunked"}
[debug] [2022-05-05T08:16:45.907Z] >>> [apiv2][query] POST https://cloudresourcemanager.googleapis.com/v1/projects/incomeandexpensesapp:testIamPermissions [none]
[debug] [2022-05-05T08:16:45.907Z] >>> [apiv2][body] POST https://cloudresourcemanager.googleapis.com/v1/projects/incomeandexpensesapp:testIamPermissions {"permissions":["firebase.projects.get"]}
[debug] [2022-05-05T08:16:46.128Z] <<< [apiv2][status] POST https://cloudresourcemanager.googleapis.com/v1/projects/incomeandexpensesapp:testIamPermissions 200
[debug] [2022-05-05T08:16:46.128Z] <<< [apiv2][body] POST https://cloudresourcemanager.googleapis.com/v1/projects/incomeandexpensesapp:testIamPermissions {"permissions":["firebase.projects.get"]}
[info] 
[info] Firestore Security Rules allow you to define how and when to allow
[info] requests. You can keep these rules in your project directory
[info] and publish them with firebase deploy.
[info] 
[debug] [2022-05-05T08:16:51.943Z] >>> [apiv2][query] GET https://firebaserules.googleapis.com/v1/projects/incomeandexpensesapp/releases pageSize=10&pageToken=
[debug] [2022-05-05T08:16:52.688Z] <<< [apiv2][status] GET https://firebaserules.googleapis.com/v1/projects/incomeandexpensesapp/releases 200
[debug] [2022-05-05T08:16:52.688Z] <<< [apiv2][body] GET https://firebaserules.googleapis.com/v1/projects/incomeandexpensesapp/releases {"releases":[{"name":"projects/incomeandexpensesapp/releases/cloud.firestore","rulesetName":"projects/incomeandexpensesapp/rulesets/a8b35bad-94b1-4591-86c8-17134bdc3f36","createTime":"2022-05-05T08:05:24.694780Z","updateTime":"2022-05-05T08:06:10.125637Z"}]}
[debug] [2022-05-05T08:16:52.688Z] Found ruleset: projects/incomeandexpensesapp/rulesets/a8b35bad-94b1-4591-86c8-17134bdc3f36
[debug] [2022-05-05T08:16:52.688Z] >>> [apiv2][query] GET https://firebaserules.googleapis.com/v1/projects/incomeandexpensesapp/rulesets/a8b35bad-94b1-4591-86c8-17134bdc3f36 [none]
[debug] [2022-05-05T08:16:53.379Z] <<< [apiv2][status] GET https://firebaserules.googleapis.com/v1/projects/incomeandexpensesapp/rulesets/a8b35bad-94b1-4591-86c8-17134bdc3f36 200
[debug] [2022-05-05T08:16:53.379Z] <<< [apiv2][body] GET https://firebaserules.googleapis.com/v1/projects/incomeandexpensesapp/rulesets/a8b35bad-94b1-4591-86c8-17134bdc3f36 [omitted]
[info] 
[info] Firestore indexes allow you to perform complex queries while
[info] maintaining performance that scales with the size of the result
[info] set. You can keep index definitions in your project directory
[info] and publish them with firebase deploy.
[info] 
[debug] [2022-05-05T08:16:58.310Z] > refreshing access token with scopes: ["email","https://www.googleapis.com/auth/cloud-platform","https://www.googleapis.com/auth/cloudplatformprojects.readonly","https://www.googleapis.com/auth/firebase","openid"]
[debug] [2022-05-05T08:16:58.310Z] >>> HTTP REQUEST POST https://www.googleapis.com/oauth2/v3/token  
 <request body omitted>
[debug] [2022-05-05T08:16:58.311Z] > refreshing access token with scopes: ["email","https://www.googleapis.com/auth/cloud-platform","https://www.googleapis.com/auth/cloudplatformprojects.readonly","https://www.googleapis.com/auth/firebase","openid"]
[debug] [2022-05-05T08:16:58.311Z] >>> HTTP REQUEST POST https://www.googleapis.com/oauth2/v3/token  
 <request body omitted>
[debug] [2022-05-05T08:16:58.393Z] <<< HTTP RESPONSE 200 {"expires":"Mon, 01 Jan 1990 00:00:00 GMT","pragma":"no-cache","cache-control":"no-cache, no-store, max-age=0, must-revalidate","date":"Thu, 05 May 2022 08:16:58 GMT","content-type":"application/json; charset=utf-8","vary":"X-Origin, Referer, Origin,Accept-Encoding","server":"scaffolding on HTTPServer2","x-xss-protection":"0","x-frame-options":"SAMEORIGIN","x-content-type-options":"nosniff","alt-svc":"h3=\":443\"; ma=2592000,h3-29=\":443\"; ma=2592000,h3-Q050=\":443\"; ma=2592000,h3-Q046=\":443\"; ma=2592000,h3-Q043=\":443\"; ma=2592000,quic=\":443\"; ma=2592000; v=\"46,43\"","accept-ranges":"none","transfer-encoding":"chunked"}
[debug] [2022-05-05T08:16:58.400Z] >>> HTTP REQUEST GET https://firestore.googleapis.com/v1/projects/incomeandexpensesapp/databases/(default)/collectionGroups/-/fields?filter=indexConfig.usesAncestorConfig=false  
 
[debug] [2022-05-05T08:16:58.402Z] <<< HTTP RESPONSE 200 {"pragma":"no-cache","cache-control":"no-cache, no-store, max-age=0, must-revalidate","expires":"Mon, 01 Jan 1990 00:00:00 GMT","date":"Thu, 05 May 2022 08:16:58 GMT","content-type":"application/json; charset=utf-8","vary":"X-Origin, Referer, Origin,Accept-Encoding","server":"scaffolding on HTTPServer2","x-xss-protection":"0","x-frame-options":"SAMEORIGIN","x-content-type-options":"nosniff","alt-svc":"h3=\":443\"; ma=2592000,h3-29=\":443\"; ma=2592000,h3-Q050=\":443\"; ma=2592000,h3-Q046=\":443\"; ma=2592000,h3-Q043=\":443\"; ma=2592000,quic=\":443\"; ma=2592000; v=\"46,43\"","accept-ranges":"none","transfer-encoding":"chunked"}
[debug] [2022-05-05T08:16:58.409Z] >>> HTTP REQUEST GET https://firestore.googleapis.com/v1/projects/incomeandexpensesapp/databases/(default)/collectionGroups/-/indexes  
 
[debug] [2022-05-05T08:16:59.318Z] <<< HTTP RESPONSE 200 {"content-type":"application/json; charset=UTF-8","vary":"X-Origin, Referer, Origin,Accept-Encoding","date":"Thu, 05 May 2022 08:16:59 GMT","server":"ESF","cache-control":"private","x-xss-protection":"0","x-frame-options":"SAMEORIGIN","x-content-type-options":"nosniff","alt-svc":"h3=\":443\"; ma=2592000,h3-29=\":443\"; ma=2592000,h3-Q050=\":443\"; ma=2592000,h3-Q046=\":443\"; ma=2592000,h3-Q043=\":443\"; ma=2592000,quic=\":443\"; ma=2592000; v=\"46,43\"","accept-ranges":"none","transfer-encoding":"chunked"}
[debug] [2022-05-05T08:16:59.888Z] <<< HTTP RESPONSE 200 {"content-type":"application/json; charset=UTF-8","vary":"X-Origin, Referer, Origin,Accept-Encoding","date":"Thu, 05 May 2022 08:16:59 GMT","server":"ESF","cache-control":"private","x-xss-protection":"0","x-frame-options":"SAMEORIGIN","x-content-type-options":"nosniff","alt-svc":"h3=\":443\"; ma=2592000,h3-29=\":443\"; ma=2592000,h3-Q050=\":443\"; ma=2592000,h3-Q046=\":443\"; ma=2592000,h3-Q043=\":443\"; ma=2592000,quic=\":443\"; ma=2592000; v=\"46,43\"","accept-ranges":"none","transfer-encoding":"chunked"}
[info] 
=== Functions Setup
[info] 
[info] A functions directory will be created in your project with sample code
[info] pre-configured. Functions can be deployed with firebase deploy.
[info] 
[debug] [2022-05-05T08:16:59.894Z] > command requires scopes: ["email","openid","https://www.googleapis.com/auth/cloudplatformprojects.readonly","https://www.googleapis.com/auth/firebase","https://www.googleapis.com/auth/cloud-platform"]
[debug] [2022-05-05T08:16:59.894Z] > authorizing via signed-in user (herrera.nelson@correounivalle.edu.co)
[debug] [2022-05-05T08:16:59.895Z] [iam] checking project incomeandexpensesapp for permissions ["firebase.projects.get"]
[debug] [2022-05-05T08:16:59.895Z] > refreshing access token with scopes: []
[debug] [2022-05-05T08:16:59.895Z] >>> HTTP REQUEST POST https://www.googleapis.com/oauth2/v3/token  
 <request body omitted>
[debug] [2022-05-05T08:16:59.976Z] <<< HTTP RESPONSE 200 {"date":"Thu, 05 May 2022 08:16:59 GMT","expires":"Mon, 01 Jan 1990 00:00:00 GMT","pragma":"no-cache","cache-control":"no-cache, no-store, max-age=0, must-revalidate","content-type":"application/json; charset=utf-8","vary":"X-Origin, Referer, Origin,Accept-Encoding","server":"scaffolding on HTTPServer2","x-xss-protection":"0","x-frame-options":"SAMEORIGIN","x-content-type-options":"nosniff","alt-svc":"h3=\":443\"; ma=2592000,h3-29=\":443\"; ma=2592000,h3-Q050=\":443\"; ma=2592000,h3-Q046=\":443\"; ma=2592000,h3-Q043=\":443\"; ma=2592000,quic=\":443\"; ma=2592000; v=\"46,43\"","accept-ranges":"none","transfer-encoding":"chunked"}
[debug] [2022-05-05T08:16:59.986Z] >>> [apiv2][query] POST https://cloudresourcemanager.googleapis.com/v1/projects/incomeandexpensesapp:testIamPermissions [none]
[debug] [2022-05-05T08:16:59.986Z] >>> [apiv2][body] POST https://cloudresourcemanager.googleapis.com/v1/projects/incomeandexpensesapp:testIamPermissions {"permissions":["firebase.projects.get"]}
[debug] [2022-05-05T08:17:00.165Z] <<< [apiv2][status] POST https://cloudresourcemanager.googleapis.com/v1/projects/incomeandexpensesapp:testIamPermissions 200
[debug] [2022-05-05T08:17:00.166Z] <<< [apiv2][body] POST https://cloudresourcemanager.googleapis.com/v1/projects/incomeandexpensesapp:testIamPermissions {"permissions":["firebase.projects.get"]}
[debug] [2022-05-05T08:17:00.166Z] >>> [apiv2][query] GET https://serviceusage.googleapis.com/v1/projects/incomeandexpensesapp/services/cloudfunctions.googleapis.com [none]
[debug] [2022-05-05T08:17:00.167Z] >>> [apiv2][query] GET https://serviceusage.googleapis.com/v1/projects/incomeandexpensesapp/services/runtimeconfig.googleapis.com [none]
[debug] [2022-05-05T08:17:00.983Z] <<< [apiv2][status] GET https://serviceusage.googleapis.com/v1/projects/incomeandexpensesapp/services/runtimeconfig.googleapis.com 200
[debug] [2022-05-05T08:17:00.983Z] <<< [apiv2][body] GET https://serviceusage.googleapis.com/v1/projects/incomeandexpensesapp/services/runtimeconfig.googleapis.com [omitted]
[debug] [2022-05-05T08:17:01.046Z] <<< [apiv2][status] GET https://serviceusage.googleapis.com/v1/projects/incomeandexpensesapp/services/cloudfunctions.googleapis.com 200
[debug] [2022-05-05T08:17:01.046Z] <<< [apiv2][body] GET https://serviceusage.googleapis.com/v1/projects/incomeandexpensesapp/services/cloudfunctions.googleapis.com [omitted]
[debug] [2022-05-05T08:17:01.046Z] >>> [apiv2][query] POST https://serviceusage.googleapis.com/v1/projects/incomeandexpensesapp/services/cloudfunctions.googleapis.com:enable [none]
[debug] [2022-05-05T08:17:02.478Z] <<< [apiv2][status] POST https://serviceusage.googleapis.com/v1/projects/incomeandexpensesapp/services/cloudfunctions.googleapis.com:enable 200
[debug] [2022-05-05T08:17:02.478Z] <<< [apiv2][body] POST https://serviceusage.googleapis.com/v1/projects/incomeandexpensesapp/services/cloudfunctions.googleapis.com:enable [omitted]
[debug] [2022-05-05T08:17:12.481Z] >>> [apiv2][query] GET https://serviceusage.googleapis.com/v1/projects/incomeandexpensesapp/services/cloudfunctions.googleapis.com [none]
[debug] [2022-05-05T08:17:13.329Z] <<< [apiv2][status] GET https://serviceusage.googleapis.com/v1/projects/incomeandexpensesapp/services/cloudfunctions.googleapis.com 200
[debug] [2022-05-05T08:17:13.329Z] <<< [apiv2][body] GET https://serviceusage.googleapis.com/v1/projects/incomeandexpensesapp/services/cloudfunctions.googleapis.com [omitted]
[info] +  Wrote functions/package.json 
[info] +  Wrote functions/.eslintrc.js 
[info] +  Wrote functions/index.js 
[info] +  Wrote functions/.gitignore 
[info] 
=== Hosting Setup
[info] 
[info] Your public directory is the folder (relative to your project directory) that
[info] will contain Hosting assets to be uploaded with firebase deploy. If you
[info] have a build process for your assets, use your build's output directory.
[info] 
[debug] [2022-05-05T08:18:17.886Z] >>> [apiv2][query] GET https://www.gstatic.com/firebasejs/releases.json [none]
[debug] [2022-05-05T08:18:17.932Z] <<< [apiv2][status] GET https://www.gstatic.com/firebasejs/releases.json 200
[debug] [2022-05-05T08:18:17.933Z] <<< [apiv2][body] GET https://www.gstatic.com/firebasejs/releases.json {"current":{"version":"9.7.0","browserURL":"https://www.gstatic.com/firebasejs/9.7.0/firebase.js","packageURL":"https://www.gstatic.com/firebasejs/9.7.0/firebase.tgz"},"live":{"version":"9.7","browserURL":"https://www.gstatic.com/firebasejs/live/9.7/firebase.js","packageURL":"https://www.gstatic.com/firebasejs/live/9.7/firebase.tgz"},"components":{"analytics":"https://www.gstatic.com/firebasejs/9.7.0/firebase-analytics.js","app":"https://www.gstatic.com/firebasejs/9.7.0/firebase-app.js","app-check":"https://www.gstatic.com/firebasejs/9.7.0/firebase-app-check.js","auth":"https://www.gstatic.com/firebasejs/9.7.0/firebase-auth.js","auth/cordova":"https://www.gstatic.com/firebasejs/9.7.0/firebase-auth/cordova.js","auth/react-native":"https://www.gstatic.com/firebasejs/9.7.0/firebase-auth/react-native.js","functions":"https://www.gstatic.com/firebasejs/9.7.0/firebase-functions.js","firestore":"https://www.gstatic.com/firebasejs/9.7.0/firebase-firestore.js","firestore/lite":"https://www.gstatic.com/firebasejs/9.7.0/firebase-firestore/lite.js","storage":"https://www.gstatic.com/firebasejs/9.7.0/firebase-storage.js","performance":"https://www.gstatic.com/firebasejs/9.7.0/firebase-performance.js","remote-config":"https://www.gstatic.com/firebasejs/9.7.0/firebase-remote-config.js","messaging":"https://www.gstatic.com/firebasejs/9.7.0/firebase-messaging.js","messaging/sw":"https://www.gstatic.com/firebasejs/9.7.0/firebase-messaging/sw.js","database":"https://www.gstatic.com/firebasejs/9.7.0/firebase-database.js","firestore.memory":"https://www.gstatic.com/firebasejs/9.7.0/firebase-firestore.memory.js"}}
[info] +  Wrote public/index.html 
[info] 
[info] i  Detected a .git folder at C:\Users\nehe\Redux\income_and_expenses 
[info] i  Authorizing with GitHub to upload your service account to a GitHub repository's secrets store. 
[info] 
[info] Visit this URL on this device to log in:
[info] https://github.com/login/oauth/authorize?client_id=89cf50f02ac6aaed3484&state=800777351&redirect_uri=http%3A%2F%2Flocalhost%3A9005&scope=read%3Auser%20repo%20public_repo
[info] 
[info] Waiting for authentication...
[debug] [2022-05-05T08:18:34.779Z] >>> HTTP REQUEST POST https://github.com/login/oauth/access_token  
 {"client_id":"89cf50f02ac6aaed3484","client_secret":"3330d14abc895d9a74d5f17cd7a00711fa2c5bf0","code":"97035b376134fb1d477a","redirect_uri":"http://localhost:9005","state":"800777351"}
[debug] [2022-05-05T08:18:35.011Z] <<< HTTP RESPONSE 200 {"server":"GitHub.com","date":"Thu, 05 May 2022 08:18:34 GMT","content-type":"application/json; charset=utf-8","transfer-encoding":"chunked","vary":"X-PJAX, X-PJAX-Container, Accept-Encoding, Accept, X-Requested-With","permissions-policy":"interest-cohort=()","etag":"W/\"a870747294948c58b602319558f79aa4\"","cache-control":"max-age=0, private, must-revalidate","strict-transport-security":"max-age=31536000; includeSubdomains; preload","x-frame-options":"deny","x-content-type-options":"nosniff","x-xss-protection":"0","referrer-policy":"origin-when-cross-origin, strict-origin-when-cross-origin","expect-ct":"max-age=2592000, report-uri=\"https://api.github.com/_private/browser/errors\"","content-security-policy":"default-src 'none'; base-uri 'self'; block-all-mixed-content; child-src github.com/assets-cdn/worker/ gist.github.com/assets-cdn/worker/; connect-src 'self' uploads.github.com objects-origin.githubusercontent.com www.githubstatus.com collector.github.com raw.githubusercontent.com api.github.com github-cloud.s3.amazonaws.com github-production-repository-file-5c1aeb.s3.amazonaws.com github-production-upload-manifest-file-7fdce7.s3.amazonaws.com github-production-user-asset-6210df.s3.amazonaws.com cdn.optimizely.com logx.optimizely.com/v1/events translator.github.com *.actions.githubusercontent.com wss://*.actions.githubusercontent.com online.visualstudio.com/api/v1/locations github-production-repository-image-32fea6.s3.amazonaws.com github-production-release-asset-2e65be.s3.amazonaws.com insights.github.com wss://alive.github.com; font-src github.githubassets.com; form-action 'self' github.com gist.github.com objects-origin.githubusercontent.com; frame-ancestors 'none'; frame-src render.githubusercontent.com viewscreen.githubusercontent.com notebooks.githubusercontent.com; img-src 'self' data: github.githubassets.com identicons.github.com github-cloud.s3.amazonaws.com secured-user-images.githubusercontent.com/ *.githubusercontent.com; manifest-src 'self'; media-src github.com user-images.githubusercontent.com/; script-src github.githubassets.com; style-src 'unsafe-inline' github.githubassets.com; worker-src github.com/assets-cdn/worker/ gist.github.com/assets-cdn/worker/","x-github-request-id":"28A0:35B0:15A3EB1:1716F0B:6273885A"}
[debug] [2022-05-05T08:18:35.016Z] >>> [apiv2][query] GET https://api.github.com/user [none]
[debug] [2022-05-05T08:18:35.342Z] <<< [apiv2][status] GET https://api.github.com/user 200
[debug] [2022-05-05T08:18:35.343Z] <<< [apiv2][body] GET https://api.github.com/user {"login":"NelsonDHR","id":71350118,"node_id":"MDQ6VXNlcjcxMzUwMTE4","avatar_url":"https://avatars.githubusercontent.com/u/71350118?v=4","gravatar_id":"","url":"https://api.github.com/users/NelsonDHR","html_url":"https://github.com/NelsonDHR","followers_url":"https://api.github.com/users/NelsonDHR/followers","following_url":"https://api.github.com/users/NelsonDHR/following{/other_user}","gists_url":"https://api.github.com/users/NelsonDHR/gists{/gist_id}","starred_url":"https://api.github.com/users/NelsonDHR/starred{/owner}{/repo}","subscriptions_url":"https://api.github.com/users/NelsonDHR/subscriptions","organizations_url":"https://api.github.com/users/NelsonDHR/orgs","repos_url":"https://api.github.com/users/NelsonDHR/repos","events_url":"https://api.github.com/users/NelsonDHR/events{/privacy}","received_events_url":"https://api.github.com/users/NelsonDHR/received_events","type":"User","site_admin":false,"name":"Nelson Daniel","company":null,"blog":"","location":null,"email":null,"hireable":null,"bio":null,"twitter_username":null,"public_repos":7,"public_gists":0,"followers":0,"following":0,"created_at":"2020-09-15T19:52:22Z","updated_at":"2022-04-27T12:17:05Z","private_gists":0,"total_private_repos":0,"owned_private_repos":0,"disk_usage":6151,"collaborators":0,"two_factor_authentication":false,"plan":{"name":"pro","space":976562499,"collaborators":0,"private_repos":9999}}
[info] 
[info] +  Success! Logged into GitHub as NelsonDHR 
[info] 
[debug] [2022-05-05T08:18:45.756Z] >>> [apiv2][query] GET https://api.github.com/repos//actions/secrets/public-key type=owner
[debug] [2022-05-05T08:18:45.929Z] <<< [apiv2][status] GET https://api.github.com/repos//actions/secrets/public-key 404
[debug] [2022-05-05T08:18:45.929Z] <<< [apiv2][body] GET https://api.github.com/repos//actions/secrets/public-key {"message":"Not Found","documentation_url":"https://docs.github.com/rest"}
[debug] [2022-05-05T08:19:20.507Z] >>> [apiv2][query] GET https://api.github.com/repos//actions/secrets/public-key type=owner
[debug] [2022-05-05T08:19:20.677Z] <<< [apiv2][status] GET https://api.github.com/repos//actions/secrets/public-key 404
[debug] [2022-05-05T08:19:20.677Z] <<< [apiv2][body] GET https://api.github.com/repos//actions/secrets/public-key {"message":"Not Found","documentation_url":"https://docs.github.com/rest"}
